This is pdfTeX, Version 3.14159265-2.6-1.40.20 (TeX Live 2019/Arch Linux) (preloaded format=pdflatex 2020.2.9)  20 FEB 2020 11:56
entering extended mode
 restricted \write18 enabled.
 %&-line parsing enabled.
**./images.tex
(./images.tex
LaTeX2e <2019-10-01> patch level 1

(/usr/share/texmf-dist/tex/latex/base/article.cls
Document Class: article 2019/08/27 v1.4j Standard LaTeX document class
(/usr/share/texmf-dist/tex/latex/base/size10.clo
File: size10.clo 2019/08/27 v1.4j Standard LaTeX file (size option)
)
\c@part=\count80
\c@section=\count81
\c@subsection=\count82
\c@subsubsection=\count83
\c@paragraph=\count84
\c@subparagraph=\count85
\c@figure=\count86
\c@table=\count87
\abovecaptionskip=\skip41
\belowcaptionskip=\skip42
\bibindent=\dimen102
) (/usr/share/texmf-dist/tex/latex/base/ifthen.sty
Package: ifthen 2014/09/29 v1.1c Standard LaTeX ifthen package (DPC)
) (/usr/share/texmf-dist/tex/latex/amsmath/amsmath.sty
Package: amsmath 2019/04/01 v2.17c AMS math features
\@mathmargin=\skip43
For additional information on amsmath, use the `?' option.
(/usr/share/texmf-dist/tex/latex/amsmath/amstext.sty
Package: amstext 2000/06/29 v2.01 AMS text
(/usr/share/texmf-dist/tex/latex/amsmath/amsgen.sty
File: amsgen.sty 1999/11/30 v2.0 generic functions
\@emptytoks=\toks14
\ex@=\dimen103
)) (/usr/share/texmf-dist/tex/latex/amsmath/amsbsy.sty
Package: amsbsy 1999/11/29 v1.2d Bold Symbols
\pmbraise@=\dimen104
) (/usr/share/texmf-dist/tex/latex/amsmath/amsopn.sty
Package: amsopn 2016/03/08 v2.02 operator names
)
\inf@bad=\count88
LaTeX Info: Redefining \frac on input line 227.
\uproot@=\count89
\leftroot@=\count90
LaTeX Info: Redefining \overline on input line 389.
\classnum@=\count91
\DOTSCASE@=\count92
LaTeX Info: Redefining \ldots on input line 486.
LaTeX Info: Redefining \dots on input line 489.
LaTeX Info: Redefining \cdots on input line 610.
\Mathstrutbox@=\box27
\strutbox@=\box28
\big@size=\dimen105
LaTeX Font Info:    Redeclaring font encoding OML on input line 733.
LaTeX Font Info:    Redeclaring font encoding OMS on input line 734.
\macc@depth=\count93
\c@MaxMatrixCols=\count94
\dotsspace@=\muskip10
\c@parentequation=\count95
\dspbrk@lvl=\count96
\tag@help=\toks15
\row@=\count97
\column@=\count98
\maxfields@=\count99
\andhelp@=\toks16
\eqnshift@=\dimen106
\alignsep@=\dimen107
\tagshift@=\dimen108
\tagwidth@=\dimen109
\totwidth@=\dimen110
\lineht@=\dimen111
\@envbody=\toks17
\multlinegap=\skip44
\multlinetaggap=\skip45
\mathdisplay@stack=\toks18
LaTeX Info: Redefining \[ on input line 2855.
LaTeX Info: Redefining \] on input line 2856.
) (/usr/share/texmf-dist/tex/latex/amsfonts/amssymb.sty
Package: amssymb 2013/01/14 v3.01 AMS font symbols
(/usr/share/texmf-dist/tex/latex/amsfonts/amsfonts.sty
Package: amsfonts 2013/01/14 v3.01 Basic AMSFonts support
\symAMSa=\mathgroup4
\symAMSb=\mathgroup5
LaTeX Font Info:    Redeclaring math symbol \hbar on input line 98.
LaTeX Font Info:    Overwriting math alphabet `\mathfrak' in version `bold'
(Font)                  U/euf/m/n --> U/euf/b/n on input line 106.
)) (/usr/share/texmf-dist/tex/latex/base/inputenc.sty
Package: inputenc 2018/08/11 v1.3c Input encoding file
\inpenc@prehook=\toks19
\inpenc@posthook=\toks20
) (/usr/share/texmf-dist/tex/latex/enumitem/enumitem.sty
Package: enumitem 2019/06/20 v3.9 Customized lists
\enitkv@toks@=\toks21
\labelindent=\skip46
\enit@outerparindent=\dimen112
\enit@toks=\toks22
\enit@inbox=\box29
\enit@count@id=\count100
\enitdp@description=\count101
) (/usr/share/texmf-dist/tex/latex/xcolor/xcolor.sty
Package: xcolor 2016/05/11 v2.12 LaTeX color extensions (UK)
(/usr/share/texmf-dist/tex/latex/graphics-cfg/color.cfg
File: color.cfg 2016/01/02 v1.6 sample color configuration
)
Package xcolor Info: Driver file: pdftex.def on input line 225.
(/usr/share/texmf-dist/tex/latex/graphics-def/pdftex.def
File: pdftex.def 2018/01/08 v1.0l Graphics/color driver for pdftex
)
Package xcolor Info: Model `cmy' substituted by `cmy0' on input line 1348.
Package xcolor Info: Model `hsb' substituted by `rgb' on input line 1352.
Package xcolor Info: Model `RGB' extended on input line 1364.
Package xcolor Info: Model `HTML' substituted by `rgb' on input line 1366.
Package xcolor Info: Model `Hsb' substituted by `hsb' on input line 1367.
Package xcolor Info: Model `tHsb' substituted by `hsb' on input line 1368.
Package xcolor Info: Model `HSB' substituted by `hsb' on input line 1369.
Package xcolor Info: Model `Gray' substituted by `gray' on input line 1370.
Package xcolor Info: Model `wave' substituted by `hsb' on input line 1371.
)
\sizebox=\box30
\lthtmlwrite=\write3
(/usr/share/texmf-dist/tex/latex/preview/preview.sty
Package: preview 2017/04/24 11.91 (AUCTeX/preview-latex)
(/usr/share/texmf-dist/tex/generic/luatex85/luatex85.sty
Package: luatex85 2016/06/15 v1.4 pdftex aliases for luatex
) (/usr/share/texmf-dist/tex/latex/preview/prtightpage.def
\PreviewBorder=\dimen113
)
\pr@snippet=\count102
\pr@box=\box31
\pr@output=\toks23
)
\lthtmlPageBox=\box32
\lthtmlCropMarkHeight=\dimen114
\lthtmlCropMarkDepth=\dimen115
! Too many }'s.
l.79 ...preview}\copy\lthtmlPageBox\end{preview}}}
                                                  %
You've closed more groups than you opened.
Such booboos are generally harmless, so keep going.

No file images.aux.
\openout1 = `images.aux'.

LaTeX Font Info:    Checking defaults for OML/cmm/m/it on input line 124.
LaTeX Font Info:    ... okay on input line 124.
LaTeX Font Info:    Checking defaults for T1/cmr/m/n on input line 124.
LaTeX Font Info:    ... okay on input line 124.
LaTeX Font Info:    Checking defaults for OT1/cmr/m/n on input line 124.
LaTeX Font Info:    ... okay on input line 124.
LaTeX Font Info:    Checking defaults for OMS/cmsy/m/n on input line 124.
LaTeX Font Info:    ... okay on input line 124.
LaTeX Font Info:    Checking defaults for OMX/cmex/m/n on input line 124.
LaTeX Font Info:    ... okay on input line 124.
LaTeX Font Info:    Checking defaults for U/cmr/m/n on input line 124.
LaTeX Font Info:    ... okay on input line 124.
(/usr/share/texmf-dist/tex/context/base/mkii/supp-pdf.mkii
[Loading MPS to PDF converter (version 2006.09.02).]
\scratchcounter=\count103
\scratchdimen=\dimen116
\scratchbox=\box33
\nofMPsegments=\count104
\nofMParguments=\count105
\everyMPshowfont=\toks24
\MPscratchCnt=\count106
\MPscratchDim=\dimen117
\MPnumerator=\count107
\makeMPintoPDFobject=\count108
\everyMPtoPDFconversion=\toks25
)
Preview: Fontsize 10pt
Preview: PDFoutput 1

latex2htmlLength hsize=349.0pt

latex2htmlLength vsize=633.0pt

latex2htmlLength hoffset=0.0pt

latex2htmlLength voffset=0.0pt

latex2htmlLength topmargin=0.0pt

latex2htmlLength topskip=0.00003pt

latex2htmlLength headheight=0.0pt

latex2htmlLength headsep=0.0pt

latex2htmlLength parskip=10.00002pt

latex2htmlLength oddsidemargin=62.0pt

latex2htmlLength evensidemargin=62.0pt

LaTeX Font Info:    Trying to load font information for U+msa on input line 151
.
(/usr/share/texmf-dist/tex/latex/amsfonts/umsa.fd
File: umsa.fd 2013/01/14 v3.01 AMS symbols A
)
LaTeX Font Info:    Trying to load font information for U+msb on input line 151
.
(/usr/share/texmf-dist/tex/latex/amsfonts/umsb.fd
File: umsb.fd 2013/01/14 v3.01 AMS symbols B
)

:tex2html_wrap_indisplay507:lthtmlCropMarkHeight:=19.70952pt

:tex2html_wrap_indisplay507:lthtmlCropMarkDepth:=6.85951pt:1ex:=4.30554pt
Preview: Tightpage -32891 -32891 32891 32891
[1{/var/lib/texmf/fonts/map/pdftex/updmap/pdftex.map}]

:tex2html_wrap_indisplay508:lthtmlCropMarkHeight:=20.26508pt

:tex2html_wrap_indisplay508:lthtmlCropMarkDepth:=9.35951pt:1ex:=4.30554pt
[2]

:tex2html_wrap_indisplay509:lthtmlCropMarkHeight:=19.70952pt

:tex2html_wrap_indisplay509:lthtmlCropMarkDepth:=6.85951pt:1ex:=4.30554pt
[3]

:tex2html_wrap_indisplay510:lthtmlCropMarkHeight:=13.5pt

:tex2html_wrap_indisplay510:lthtmlCropMarkDepth:=2.5pt:1ex:=4.30554pt
[4]

:tex2html_wrap_indisplay512:lthtmlCropMarkHeight:=19.61122pt

:tex2html_wrap_indisplay512:lthtmlCropMarkDepth:=8.61124pt:1ex:=4.30554pt
[5]

:tex2html_wrap_indisplay514:lthtmlCropMarkHeight:=14.46227pt

:tex2html_wrap_indisplay514:lthtmlCropMarkDepth:=0.0pt:1ex:=4.30554pt
[6]

:tex2html_wrap_indisplay515:lthtmlCropMarkHeight:=19.61122pt

:tex2html_wrap_indisplay515:lthtmlCropMarkDepth:=8.61124pt:1ex:=4.30554pt
[7]

:tex2html_wrap_indisplay516:lthtmlCropMarkHeight:=19.61122pt

:tex2html_wrap_indisplay516:lthtmlCropMarkDepth:=8.61124pt:1ex:=4.30554pt
[8]

:tex2html_wrap_indisplay517:lthtmlCropMarkHeight:=14.46227pt

:tex2html_wrap_indisplay517:lthtmlCropMarkDepth:=0.83333pt:1ex:=4.30554pt
[9]

:tex2html_wrap_indisplay518:lthtmlCropMarkHeight:=13.1428pt

:tex2html_wrap_indisplay518:lthtmlCropMarkDepth:=0.83333pt:1ex:=4.30554pt
[10]

:tex2html_wrap_indisplay519:lthtmlCropMarkHeight:=14.46227pt

:tex2html_wrap_indisplay519:lthtmlCropMarkDepth:=0.83333pt:1ex:=4.30554pt
[11]

:tex2html_wrap_indisplay520:lthtmlCropMarkHeight:=10.30554pt

:tex2html_wrap_indisplay520:lthtmlCropMarkDepth:=0.0pt:1ex:=4.30554pt
[12]

:tex2html_wrap_inline522:lthtmlCropMarkHeight:=10.30554pt

:tex2html_wrap_inline522:lthtmlCropMarkDepth:=0.0pt:1ex:=4.30554pt
[13]

:tex2html_wrap_inline524:lthtmlCropMarkHeight:=10.30554pt

:tex2html_wrap_inline524:lthtmlCropMarkDepth:=1.94444pt:1ex:=4.30554pt
[14]

:tex2html_wrap_indisplay525:lthtmlCropMarkHeight:=14.46227pt

:tex2html_wrap_indisplay525:lthtmlCropMarkDepth:=0.0pt:1ex:=4.30554pt
[15]

:tex2html_wrap_indisplay526:lthtmlCropMarkHeight:=13.1428pt

:tex2html_wrap_indisplay526:lthtmlCropMarkDepth:=0.83333pt:1ex:=4.30554pt
[16]

:tex2html_wrap_indisplay527:lthtmlCropMarkHeight:=10.30554pt

:tex2html_wrap_indisplay527:lthtmlCropMarkDepth:=1.94444pt:1ex:=4.30554pt
[17]

:tex2html_wrap_indisplay528:lthtmlCropMarkHeight:=13.5pt

:tex2html_wrap_indisplay528:lthtmlCropMarkDepth:=2.5pt:1ex:=4.30554pt
[18]

:tex2html_wrap_inline533:lthtmlCropMarkHeight:=12.88586pt

:tex2html_wrap_inline533:lthtmlCropMarkDepth:=0.0pt:1ex:=4.30554pt
[19]

:tex2html_wrap_inline539:lthtmlCropMarkHeight:=9.01112pt

:tex2html_wrap_inline539:lthtmlCropMarkDepth:=1.49998pt:1ex:=4.30554pt
[20]

:tex2html_wrap_indisplay540:lthtmlCropMarkHeight:=19.70952pt

:tex2html_wrap_indisplay540:lthtmlCropMarkDepth:=6.85951pt:1ex:=4.30554pt
[21]

:tex2html_wrap_indisplay541:lthtmlCropMarkHeight:=13.5pt

:tex2html_wrap_indisplay541:lthtmlCropMarkDepth:=2.5pt:1ex:=4.30554pt
[22]

:tex2html_wrap_indisplay542:lthtmlCropMarkHeight:=19.70952pt

:tex2html_wrap_indisplay542:lthtmlCropMarkDepth:=8.61124pt:1ex:=4.30554pt
[23]

:tex2html_wrap_indisplay543:lthtmlCropMarkHeight:=19.61122pt

:tex2html_wrap_indisplay543:lthtmlCropMarkDepth:=8.61124pt:1ex:=4.30554pt
[24]

:tex2html_wrap_indisplay544:lthtmlCropMarkHeight:=13.5pt

:tex2html_wrap_indisplay544:lthtmlCropMarkDepth:=2.5pt:1ex:=4.30554pt
[25]

:tex2html_wrap_indisplay545:lthtmlCropMarkHeight:=12.15079pt

:tex2html_wrap_indisplay545:lthtmlCropMarkDepth:=0.83333pt:1ex:=4.30554pt
[26]

:tex2html_wrap_indisplay546:lthtmlCropMarkHeight:=12.83331pt

:tex2html_wrap_indisplay546:lthtmlCropMarkDepth:=1.49998pt:1ex:=4.30554pt
[27]

:tex2html_wrap_indisplay547:lthtmlCropMarkHeight:=14.46227pt

:tex2html_wrap_indisplay547:lthtmlCropMarkDepth:=0.0pt:1ex:=4.30554pt
[28]

:tex2html_wrap_indisplay548:lthtmlCropMarkHeight:=12.83331pt

:tex2html_wrap_indisplay548:lthtmlCropMarkDepth:=0.0pt:1ex:=4.30554pt
[29]

:tex2html_wrap_indisplay549:lthtmlCropMarkHeight:=13.1428pt

:tex2html_wrap_indisplay549:lthtmlCropMarkDepth:=0.0pt:1ex:=4.30554pt
[30]

:tex2html_wrap_indisplay550:lthtmlCropMarkHeight:=12.94444pt

:tex2html_wrap_indisplay550:lthtmlCropMarkDepth:=0.0pt:1ex:=4.30554pt
[31]

:tex2html_wrap_indisplay551:lthtmlCropMarkHeight:=12.44444pt

:tex2html_wrap_indisplay551:lthtmlCropMarkDepth:=0.0pt:1ex:=4.30554pt
[32]

:tex2html_wrap_indisplay553:lthtmlCropMarkHeight:=12.44444pt

:tex2html_wrap_indisplay553:lthtmlCropMarkDepth:=0.83333pt:1ex:=4.30554pt
[33]

:tex2html_wrap_indisplay555:lthtmlCropMarkHeight:=12.44444pt

:tex2html_wrap_indisplay555:lthtmlCropMarkDepth:=0.0pt:1ex:=4.30554pt
[34]

:tex2html_wrap_indisplay557:lthtmlCropMarkHeight:=12.44444pt

:tex2html_wrap_indisplay557:lthtmlCropMarkDepth:=0.0pt:1ex:=4.30554pt
[35]

:tex2html_wrap_indisplay558:lthtmlCropMarkHeight:=12.83331pt

:tex2html_wrap_indisplay558:lthtmlCropMarkDepth:=0.0pt:1ex:=4.30554pt
[36]

:tex2html_wrap_indisplay559:lthtmlCropMarkHeight:=14.46227pt

:tex2html_wrap_indisplay559:lthtmlCropMarkDepth:=1.49998pt:1ex:=4.30554pt
[37]

:tex2html_wrap_indisplay560:lthtmlCropMarkHeight:=12.44444pt

:tex2html_wrap_indisplay560:lthtmlCropMarkDepth:=0.0pt:1ex:=4.30554pt
[38]

:tex2html_wrap_indisplay561:lthtmlCropMarkHeight:=14.64003pt

:tex2html_wrap_indisplay561:lthtmlCropMarkDepth:=0.83333pt:1ex:=4.30554pt
[39]

:tex2html_wrap_indisplay562:lthtmlCropMarkHeight:=14.64003pt

:tex2html_wrap_indisplay562:lthtmlCropMarkDepth:=0.0pt:1ex:=4.30554pt
[40]

:tex2html_wrap_indisplay563:lthtmlCropMarkHeight:=19.20952pt

:tex2html_wrap_indisplay563:lthtmlCropMarkDepth:=6.85951pt:1ex:=4.30554pt
[41]

:tex2html_wrap_indisplay565:lthtmlCropMarkHeight:=12.44444pt

:tex2html_wrap_indisplay565:lthtmlCropMarkDepth:=0.0pt:1ex:=4.30554pt
[42]

:tex2html_wrap_indisplay567:lthtmlCropMarkHeight:=14.64003pt

:tex2html_wrap_indisplay567:lthtmlCropMarkDepth:=0.83333pt:1ex:=4.30554pt
[43]

:tex2html_wrap_indisplay568:lthtmlCropMarkHeight:=14.64003pt

:tex2html_wrap_indisplay568:lthtmlCropMarkDepth:=2.5pt:1ex:=4.30554pt
[44]

:tex2html_wrap_indisplay569:lthtmlCropMarkHeight:=14.64003pt

:tex2html_wrap_indisplay569:lthtmlCropMarkDepth:=0.0pt:1ex:=4.30554pt
[45]

:tex2html_wrap_indisplay571:lthtmlCropMarkHeight:=22.53902pt

:tex2html_wrap_indisplay571:lthtmlCropMarkDepth:=9.50012pt:1ex:=4.30554pt
[46]

:tex2html_wrap_inline576:lthtmlCropMarkHeight:=12.15079pt

:tex2html_wrap_inline576:lthtmlCropMarkDepth:=1.94444pt:1ex:=4.30554pt
[47]

:tex2html_wrap_inline578:lthtmlCropMarkHeight:=10.30554pt

:tex2html_wrap_inline578:lthtmlCropMarkDepth:=0.0pt:1ex:=4.30554pt
[48]

:tex2html_wrap_inline580:lthtmlCropMarkHeight:=12.15079pt

:tex2html_wrap_inline580:lthtmlCropMarkDepth:=0.0pt:1ex:=4.30554pt
[49]

:tex2html_wrap_inline582:lthtmlCropMarkHeight:=12.15079pt

:tex2html_wrap_inline582:lthtmlCropMarkDepth:=0.0pt:1ex:=4.30554pt
[50]

:tex2html_wrap_indisplay584:lthtmlCropMarkHeight:=17.50008pt

:tex2html_wrap_indisplay584:lthtmlCropMarkDepth:=6.85951pt:1ex:=4.30554pt
[51]

:tex2html_wrap_indisplay585:lthtmlCropMarkHeight:=12.94444pt

:tex2html_wrap_indisplay585:lthtmlCropMarkDepth:=0.0pt:1ex:=4.30554pt
[52]

:tex2html_wrap_indisplay586:lthtmlCropMarkHeight:=17.07062pt

:tex2html_wrap_indisplay586:lthtmlCropMarkDepth:=6.85951pt:1ex:=4.30554pt
[53]

:tex2html_wrap_indisplay588:lthtmlCropMarkHeight:=19.70952pt

:tex2html_wrap_indisplay588:lthtmlCropMarkDepth:=6.85951pt:1ex:=4.30554pt
[54]

:tex2html_wrap_inline590:lthtmlCropMarkHeight:=10.30554pt

:tex2html_wrap_inline590:lthtmlCropMarkDepth:=0.0pt:1ex:=4.30554pt
[55]

:tex2html_wrap_indisplay594:lthtmlCropMarkHeight:=19.70952pt

:tex2html_wrap_indisplay594:lthtmlCropMarkDepth:=6.85951pt:1ex:=4.30554pt
[56]

:tex2html_wrap_indisplay595:lthtmlCropMarkHeight:=19.70952pt

:tex2html_wrap_indisplay595:lthtmlCropMarkDepth:=6.85951pt:1ex:=4.30554pt
[57]

:tex2html_wrap_indisplay596:lthtmlCropMarkHeight:=20.26508pt

:tex2html_wrap_indisplay596:lthtmlCropMarkDepth:=6.85951pt:1ex:=4.30554pt
[58]

:tex2html_wrap_inline598:lthtmlCropMarkHeight:=13.5pt

:tex2html_wrap_inline598:lthtmlCropMarkDepth:=2.5pt:1ex:=4.30554pt
[59]

:tex2html_wrap_indisplay600:lthtmlCropMarkHeight:=19.53899pt

:tex2html_wrap_indisplay600:lthtmlCropMarkDepth:=6.85951pt:1ex:=4.30554pt
[60]

:tex2html_wrap_indisplay604:lthtmlCropMarkHeight:=19.70952pt

:tex2html_wrap_indisplay604:lthtmlCropMarkDepth:=6.85951pt:1ex:=4.30554pt
[61]

:tex2html_wrap_indisplay605:lthtmlCropMarkHeight:=19.70952pt

:tex2html_wrap_indisplay605:lthtmlCropMarkDepth:=8.61124pt:1ex:=4.30554pt
[62]

:tex2html_wrap_indisplay606:lthtmlCropMarkHeight:=19.70952pt

:tex2html_wrap_indisplay606:lthtmlCropMarkDepth:=8.61124pt:1ex:=4.30554pt
[63]

:tex2html_wrap_indisplay607:lthtmlCropMarkHeight:=19.20952pt

:tex2html_wrap_indisplay607:lthtmlCropMarkDepth:=6.85951pt:1ex:=4.30554pt
[64]

:tex2html_wrap_indisplay608:lthtmlCropMarkHeight:=17.07062pt

:tex2html_wrap_indisplay608:lthtmlCropMarkDepth:=8.80396pt:1ex:=4.30554pt
[65]

:tex2html_wrap_indisplay610:lthtmlCropMarkHeight:=17.07062pt

:tex2html_wrap_indisplay610:lthtmlCropMarkDepth:=7.69284pt:1ex:=4.30554pt
[66]

:tex2html_wrap_indisplay611:lthtmlCropMarkHeight:=13.5pt

:tex2html_wrap_indisplay611:lthtmlCropMarkDepth:=2.5pt:1ex:=4.30554pt
[67]

:tex2html_wrap_indisplay612:lthtmlCropMarkHeight:=12.44444pt

:tex2html_wrap_indisplay612:lthtmlCropMarkDepth:=0.0pt:1ex:=4.30554pt
[68]

:tex2html_wrap_indisplay613:lthtmlCropMarkHeight:=12.44444pt

:tex2html_wrap_indisplay613:lthtmlCropMarkDepth:=0.0pt:1ex:=4.30554pt
[69]

:tex2html_wrap_indisplay614:lthtmlCropMarkHeight:=19.20952pt

:tex2html_wrap_indisplay614:lthtmlCropMarkDepth:=9.35951pt:1ex:=4.30554pt
[70]

:tex2html_wrap_indisplay615:lthtmlCropMarkHeight:=10.30554pt

:tex2html_wrap_indisplay615:lthtmlCropMarkDepth:=0.0pt:1ex:=4.30554pt
[71]

:tex2html_wrap_indisplay619:lthtmlCropMarkHeight:=19.70952pt

:tex2html_wrap_indisplay619:lthtmlCropMarkDepth:=6.85951pt:1ex:=4.30554pt
[72]

:tex2html_wrap_inline621:lthtmlCropMarkHeight:=13.5pt

:tex2html_wrap_inline621:lthtmlCropMarkDepth:=2.5pt:1ex:=4.30554pt
[73]

:tex2html_wrap_indisplay622:lthtmlCropMarkHeight:=19.20952pt

:tex2html_wrap_indisplay622:lthtmlCropMarkDepth:=8.80396pt:1ex:=4.30554pt
[74]

:tex2html_wrap_indisplay623:lthtmlCropMarkHeight:=13.5pt

:tex2html_wrap_indisplay623:lthtmlCropMarkDepth:=2.5pt:1ex:=4.30554pt
[75]

:tex2html_wrap_indisplay625:lthtmlCropMarkHeight:=15.76784pt

:tex2html_wrap_indisplay625:lthtmlCropMarkDepth:=0.0pt:1ex:=4.30554pt
[76]

:tex2html_wrap_inline627:lthtmlCropMarkHeight:=13.5pt

:tex2html_wrap_inline627:lthtmlCropMarkDepth:=2.5pt:1ex:=4.30554pt
[77]

:tex2html_wrap_inline629:lthtmlCropMarkHeight:=14.79842pt

:tex2html_wrap_inline629:lthtmlCropMarkDepth:=3.44841pt:1ex:=4.30554pt
[78]

:tex2html_wrap_inline631:lthtmlCropMarkHeight:=13.5pt

:tex2html_wrap_inline631:lthtmlCropMarkDepth:=2.5pt:1ex:=4.30554pt
[79]

:tex2html_wrap_inline633:lthtmlCropMarkHeight:=10.30554pt

:tex2html_wrap_inline633:lthtmlCropMarkDepth:=1.94444pt:1ex:=4.30554pt
[80]

:tex2html_wrap_inline635:lthtmlCropMarkHeight:=13.51782pt

:tex2html_wrap_inline635:lthtmlCropMarkDepth:=2.5pt:1ex:=4.30554pt
[81]

:tex2html_wrap_indisplay636:lthtmlCropMarkHeight:=14.01782pt

:tex2html_wrap_indisplay636:lthtmlCropMarkDepth:=1.94444pt:1ex:=4.30554pt
[82]

:tex2html_wrap_indisplay637:lthtmlCropMarkHeight:=13.5pt

:tex2html_wrap_indisplay637:lthtmlCropMarkDepth:=2.5pt:1ex:=4.30554pt
[83]

:tex2html_wrap_indisplay638:lthtmlCropMarkHeight:=13.5pt

:tex2html_wrap_indisplay638:lthtmlCropMarkDepth:=2.5pt:1ex:=4.30554pt
[84]

:tex2html_wrap_indisplay639:lthtmlCropMarkHeight:=20.2829pt

:tex2html_wrap_indisplay639:lthtmlCropMarkDepth:=8.80396pt:1ex:=4.30554pt
[85]

:tex2html_wrap_indisplay640:lthtmlCropMarkHeight:=19.61122pt

:tex2html_wrap_indisplay640:lthtmlCropMarkDepth:=8.61124pt:1ex:=4.30554pt
[86]

:tex2html_wrap_indisplay641:lthtmlCropMarkHeight:=13.5pt

:tex2html_wrap_indisplay641:lthtmlCropMarkDepth:=2.5pt:1ex:=4.30554pt
[87]

:tex2html_wrap_indisplay642:lthtmlCropMarkHeight:=10.30554pt

:tex2html_wrap_indisplay642:lthtmlCropMarkDepth:=1.94444pt:1ex:=4.30554pt
[88]

:tex2html_wrap_indisplay643:lthtmlCropMarkHeight:=15.76784pt

:tex2html_wrap_indisplay643:lthtmlCropMarkDepth:=0.0pt:1ex:=4.30554pt
[89]

:tex2html_wrap_indisplay644:lthtmlCropMarkHeight:=19.70952pt

:tex2html_wrap_indisplay644:lthtmlCropMarkDepth:=6.85951pt:1ex:=4.30554pt
[90]

:tex2html_wrap_indisplay646:lthtmlCropMarkHeight:=19.70952pt

:tex2html_wrap_indisplay646:lthtmlCropMarkDepth:=6.85951pt:1ex:=4.30554pt
[91]

:tex2html_wrap_indisplay647:lthtmlCropMarkHeight:=13.5pt

:tex2html_wrap_indisplay647:lthtmlCropMarkDepth:=2.5pt:1ex:=4.30554pt
[92]

:tex2html_wrap_indisplay649:lthtmlCropMarkHeight:=15.76784pt

:tex2html_wrap_indisplay649:lthtmlCropMarkDepth:=0.0pt:1ex:=4.30554pt
[93]

:tex2html_wrap_indisplay650:lthtmlCropMarkHeight:=19.61122pt

:tex2html_wrap_indisplay650:lthtmlCropMarkDepth:=8.61124pt:1ex:=4.30554pt
[94]

:tex2html_wrap_indisplay651:lthtmlCropMarkHeight:=13.5pt

:tex2html_wrap_indisplay651:lthtmlCropMarkDepth:=2.5pt:1ex:=4.30554pt
[95]

:tex2html_wrap_indisplay653:lthtmlCropMarkHeight:=13.5pt

:tex2html_wrap_indisplay653:lthtmlCropMarkDepth:=2.5pt:1ex:=4.30554pt
[96]

:tex2html_wrap_indisplay654:lthtmlCropMarkHeight:=19.70952pt

:tex2html_wrap_indisplay654:lthtmlCropMarkDepth:=6.85951pt:1ex:=4.30554pt
[97]

:tex2html_wrap_indisplay655:lthtmlCropMarkHeight:=14.64003pt

:tex2html_wrap_indisplay655:lthtmlCropMarkDepth:=2.5pt:1ex:=4.30554pt
[98]

:tex2html_wrap_inline657:lthtmlCropMarkHeight:=14.79842pt

:tex2html_wrap_inline657:lthtmlCropMarkDepth:=3.44841pt:1ex:=4.30554pt
[99]

:tex2html_wrap_indisplay658:lthtmlCropMarkHeight:=19.70952pt

:tex2html_wrap_indisplay658:lthtmlCropMarkDepth:=6.85951pt:1ex:=4.30554pt
[100]

:tex2html_wrap_indisplay659:lthtmlCropMarkHeight:=19.70952pt

:tex2html_wrap_indisplay659:lthtmlCropMarkDepth:=6.85951pt:1ex:=4.30554pt
[101]

:tex2html_wrap_indisplay662:lthtmlCropMarkHeight:=13.5pt

:tex2html_wrap_indisplay662:lthtmlCropMarkDepth:=2.5pt:1ex:=4.30554pt
[102]

:tex2html_wrap_indisplay663:lthtmlCropMarkHeight:=19.61122pt

:tex2html_wrap_indisplay663:lthtmlCropMarkDepth:=8.61124pt:1ex:=4.30554pt
[103]

:tex2html_wrap_indisplay665:lthtmlCropMarkHeight:=13.5pt

:tex2html_wrap_indisplay665:lthtmlCropMarkDepth:=2.5pt:1ex:=4.30554pt
[104]

:tex2html_wrap_inline668:lthtmlCropMarkHeight:=13.5pt

:tex2html_wrap_inline668:lthtmlCropMarkDepth:=2.5pt:1ex:=4.30554pt
[105]

:tex2html_wrap_inline670:lthtmlCropMarkHeight:=13.5pt

:tex2html_wrap_inline670:lthtmlCropMarkDepth:=2.5pt:1ex:=4.30554pt
[106]

:tex2html_wrap_indisplay672:lthtmlCropMarkHeight:=19.70952pt

:tex2html_wrap_indisplay672:lthtmlCropMarkDepth:=8.80396pt:1ex:=4.30554pt
[107]

:tex2html_wrap_inline674:lthtmlCropMarkHeight:=13.5pt

:tex2html_wrap_inline674:lthtmlCropMarkDepth:=2.5pt:1ex:=4.30554pt
[108]

:tex2html_wrap_indisplay676:lthtmlCropMarkHeight:=19.70952pt

:tex2html_wrap_indisplay676:lthtmlCropMarkDepth:=6.85951pt:1ex:=4.30554pt
[109]

:tex2html_wrap_indisplay678:lthtmlCropMarkHeight:=19.70952pt

:tex2html_wrap_indisplay678:lthtmlCropMarkDepth:=6.85951pt:1ex:=4.30554pt
[110]

:tex2html_wrap_indisplay680:lthtmlCropMarkHeight:=19.70952pt

:tex2html_wrap_indisplay680:lthtmlCropMarkDepth:=6.85951pt:1ex:=4.30554pt
[111]

:tex2html_wrap_indisplay681:lthtmlCropMarkHeight:=20.9051pt

:tex2html_wrap_indisplay681:lthtmlCropMarkDepth:=8.80396pt:1ex:=4.30554pt
[112]

:tex2html_wrap_indisplay682:lthtmlCropMarkHeight:=20.9051pt

:tex2html_wrap_indisplay682:lthtmlCropMarkDepth:=8.80396pt:1ex:=4.30554pt
[113]

:tex2html_wrap_indisplay683:lthtmlCropMarkHeight:=19.70952pt

:tex2html_wrap_indisplay683:lthtmlCropMarkDepth:=6.85951pt:1ex:=4.30554pt
[114]

:tex2html_wrap_indisplay684:lthtmlCropMarkHeight:=19.70952pt

:tex2html_wrap_indisplay684:lthtmlCropMarkDepth:=8.80396pt:1ex:=4.30554pt
[115]

:tex2html_wrap_indisplay685:lthtmlCropMarkHeight:=19.70952pt

:tex2html_wrap_indisplay685:lthtmlCropMarkDepth:=6.85951pt:1ex:=4.30554pt
[116]

:tex2html_wrap_indisplay687:lthtmlCropMarkHeight:=14.64003pt

:tex2html_wrap_indisplay687:lthtmlCropMarkDepth:=1.94444pt:1ex:=4.30554pt
[117]

:tex2html_wrap_indisplay688:lthtmlCropMarkHeight:=12.83331pt

:tex2html_wrap_indisplay688:lthtmlCropMarkDepth:=1.94444pt:1ex:=4.30554pt
[118]

:tex2html_wrap_indisplay689:lthtmlCropMarkHeight:=19.70952pt

:tex2html_wrap_indisplay689:lthtmlCropMarkDepth:=8.80396pt:1ex:=4.30554pt
[119]

:tex2html_wrap_indisplay690:lthtmlCropMarkHeight:=12.44444pt

:tex2html_wrap_indisplay690:lthtmlCropMarkDepth:=1.94444pt:1ex:=4.30554pt
[120]

:tex2html_wrap_indisplay691:lthtmlCropMarkHeight:=19.70952pt

:tex2html_wrap_indisplay691:lthtmlCropMarkDepth:=6.85951pt:1ex:=4.30554pt
[121]

:tex2html_wrap_indisplay693:lthtmlCropMarkHeight:=12.83331pt

:tex2html_wrap_indisplay693:lthtmlCropMarkDepth:=0.0pt:1ex:=4.30554pt
[122]

:tex2html_wrap_indisplay694:lthtmlCropMarkHeight:=19.70952pt

:tex2html_wrap_indisplay694:lthtmlCropMarkDepth:=6.85951pt:1ex:=4.30554pt
[123]

:tex2html_wrap_indisplay695:lthtmlCropMarkHeight:=19.61122pt

:tex2html_wrap_indisplay695:lthtmlCropMarkDepth:=8.61124pt:1ex:=4.30554pt
[124]

:tex2html_wrap_indisplay696:lthtmlCropMarkHeight:=19.20952pt

:tex2html_wrap_indisplay696:lthtmlCropMarkDepth:=6.85951pt:1ex:=4.30554pt
[125]

:tex2html_wrap_indisplay697:lthtmlCropMarkHeight:=12.83331pt

:tex2html_wrap_indisplay697:lthtmlCropMarkDepth:=0.0pt:1ex:=4.30554pt
[126]

:tex2html_wrap_indisplay698:lthtmlCropMarkHeight:=19.70952pt

:tex2html_wrap_indisplay698:lthtmlCropMarkDepth:=8.80396pt:1ex:=4.30554pt
[127]

:tex2html_wrap_indisplay699:lthtmlCropMarkHeight:=19.61122pt

:tex2html_wrap_indisplay699:lthtmlCropMarkDepth:=8.61124pt:1ex:=4.30554pt
[128]

:tex2html_wrap_indisplay700:lthtmlCropMarkHeight:=14.64003pt

:tex2html_wrap_indisplay700:lthtmlCropMarkDepth:=2.5pt:1ex:=4.30554pt
[129]

:tex2html_wrap_inline702:lthtmlCropMarkHeight:=14.0556pt

:tex2html_wrap_inline702:lthtmlCropMarkDepth:=3.05562pt:1ex:=4.30554pt
[130]

:tex2html_wrap_inline704:lthtmlCropMarkHeight:=14.44843pt

:tex2html_wrap_inline704:lthtmlCropMarkDepth:=3.44841pt:1ex:=4.30554pt
[131]

:tex2html_wrap_indisplay706:lthtmlCropMarkHeight:=19.20952pt

:tex2html_wrap_indisplay706:lthtmlCropMarkDepth:=6.85951pt:1ex:=4.30554pt
[132]

:tex2html_wrap_indisplay709:lthtmlCropMarkHeight:=20.9051pt

:tex2html_wrap_indisplay709:lthtmlCropMarkDepth:=6.85951pt:1ex:=4.30554pt
[133]

:tex2html_wrap_indisplay710:lthtmlCropMarkHeight:=13.5pt

:tex2html_wrap_indisplay710:lthtmlCropMarkDepth:=2.5pt:1ex:=4.30554pt
[134]

:tex2html_wrap_indisplay711:lthtmlCropMarkHeight:=13.5pt

:tex2html_wrap_indisplay711:lthtmlCropMarkDepth:=2.5pt:1ex:=4.30554pt
[135]

:tex2html_wrap_indisplay714:lthtmlCropMarkHeight:=12.94444pt

:tex2html_wrap_indisplay714:lthtmlCropMarkDepth:=1.94443pt:1ex:=4.30554pt
[136]

:tex2html_wrap_indisplay716:lthtmlCropMarkHeight:=13.5pt

:tex2html_wrap_indisplay716:lthtmlCropMarkDepth:=2.5pt:1ex:=4.30554pt
[137]

:tex2html_wrap_inline718:lthtmlCropMarkHeight:=10.30554pt

:tex2html_wrap_inline718:lthtmlCropMarkDepth:=1.94444pt:1ex:=4.30554pt
[138]

:tex2html_wrap_inline720:lthtmlCropMarkHeight:=10.30554pt

:tex2html_wrap_inline720:lthtmlCropMarkDepth:=1.94444pt:1ex:=4.30554pt
[139]

:tex2html_wrap_indisplay722:lthtmlCropMarkHeight:=20.9051pt

:tex2html_wrap_indisplay722:lthtmlCropMarkDepth:=6.85951pt:1ex:=4.30554pt
[140]

:tex2html_wrap_indisplay725:lthtmlCropMarkHeight:=20.9051pt

:tex2html_wrap_indisplay725:lthtmlCropMarkDepth:=6.85951pt:1ex:=4.30554pt
[141]

:tex2html_wrap_inline727:lthtmlCropMarkHeight:=12.6428pt

:tex2html_wrap_inline727:lthtmlCropMarkDepth:=1.94444pt:1ex:=4.30554pt
[142]

:tex2html_wrap_indisplay729:lthtmlCropMarkHeight:=20.9051pt

:tex2html_wrap_indisplay729:lthtmlCropMarkDepth:=6.85951pt:1ex:=4.30554pt
[143]

:tex2html_wrap_inline731:lthtmlCropMarkHeight:=12.6428pt

:tex2html_wrap_inline731:lthtmlCropMarkDepth:=0.0pt:1ex:=4.30554pt
[144]

:tex2html_wrap_indisplay732:lthtmlCropMarkHeight:=14.64003pt

:tex2html_wrap_indisplay732:lthtmlCropMarkDepth:=2.5pt:1ex:=4.30554pt
[145]

:tex2html_wrap_indisplay734:lthtmlCropMarkHeight:=13.5pt

:tex2html_wrap_indisplay734:lthtmlCropMarkDepth:=2.5pt:1ex:=4.30554pt
[146]

:tex2html_wrap_inline737:lthtmlCropMarkHeight:=10.30554pt

:tex2html_wrap_inline737:lthtmlCropMarkDepth:=1.49998pt:1ex:=4.30554pt
[147]

:tex2html_wrap_inline739:lthtmlCropMarkHeight:=10.30554pt

:tex2html_wrap_inline739:lthtmlCropMarkDepth:=1.49998pt:1ex:=4.30554pt
[148]

:tex2html_wrap_inline749:lthtmlCropMarkHeight:=12.94444pt

:tex2html_wrap_inline749:lthtmlCropMarkDepth:=1.94443pt:1ex:=4.30554pt
[149]

:tex2html_wrap_indisplay755:lthtmlCropMarkHeight:=13.5pt

:tex2html_wrap_indisplay755:lthtmlCropMarkDepth:=2.5pt:1ex:=4.30554pt
[150]

:tex2html_wrap_indisplay757:lthtmlCropMarkHeight:=13.5pt

:tex2html_wrap_indisplay757:lthtmlCropMarkDepth:=2.5pt:1ex:=4.30554pt
[151]

:tex2html_wrap_indisplay758:lthtmlCropMarkHeight:=20.9051pt

:tex2html_wrap_indisplay758:lthtmlCropMarkDepth:=6.85951pt:1ex:=4.30554pt
[152]

:tex2html_wrap_indisplay760:lthtmlCropMarkHeight:=14.64003pt

:tex2html_wrap_indisplay760:lthtmlCropMarkDepth:=0.83333pt:1ex:=4.30554pt
[153]

:tex2html_wrap_indisplay762:lthtmlCropMarkHeight:=13.5pt

:tex2html_wrap_indisplay762:lthtmlCropMarkDepth:=2.5pt:1ex:=4.30554pt
[154]

:tex2html_wrap_indisplay764:lthtmlCropMarkHeight:=10.30554pt

:tex2html_wrap_indisplay764:lthtmlCropMarkDepth:=1.49998pt:1ex:=4.30554pt
[155]

:tex2html_wrap_indisplay765:lthtmlCropMarkHeight:=19.20952pt

:tex2html_wrap_indisplay765:lthtmlCropMarkDepth:=6.85951pt:1ex:=4.30554pt
[156]

:tex2html_wrap_indisplay766:lthtmlCropMarkHeight:=10.30554pt

:tex2html_wrap_indisplay766:lthtmlCropMarkDepth:=1.49998pt:1ex:=4.30554pt
[157]

:tex2html_wrap_indisplay767:lthtmlCropMarkHeight:=12.44444pt

:tex2html_wrap_indisplay767:lthtmlCropMarkDepth:=0.0pt:1ex:=4.30554pt
[158]

:tex2html_wrap_indisplay768:lthtmlCropMarkHeight:=13.5pt

:tex2html_wrap_indisplay768:lthtmlCropMarkDepth:=2.5pt:1ex:=4.30554pt
[159]

:tex2html_wrap_indisplay769:lthtmlCropMarkHeight:=15.37892pt

:tex2html_wrap_indisplay769:lthtmlCropMarkDepth:=0.83333pt:1ex:=4.30554pt
[160]

:tex2html_wrap_indisplay783:lthtmlCropMarkHeight:=12.94444pt

:tex2html_wrap_indisplay783:lthtmlCropMarkDepth:=1.49998pt:1ex:=4.30554pt
[161]

:tex2html_wrap_indisplay784:lthtmlCropMarkHeight:=12.94444pt

:tex2html_wrap_indisplay784:lthtmlCropMarkDepth:=1.94444pt:1ex:=4.30554pt
[162]

:tex2html_wrap_indisplay785:lthtmlCropMarkHeight:=12.94444pt

:tex2html_wrap_indisplay785:lthtmlCropMarkDepth:=1.49998pt:1ex:=4.30554pt
[163]

:tex2html_wrap_indisplay786:lthtmlCropMarkHeight:=12.94444pt

:tex2html_wrap_indisplay786:lthtmlCropMarkDepth:=1.94444pt:1ex:=4.30554pt
[164]

:tex2html_wrap_indisplay788:lthtmlCropMarkHeight:=15.37892pt

:tex2html_wrap_indisplay788:lthtmlCropMarkDepth:=0.83333pt:1ex:=4.30554pt
[165]

:tex2html_wrap_indisplay789:lthtmlCropMarkHeight:=14.99002pt

:tex2html_wrap_indisplay789:lthtmlCropMarkDepth:=2.5pt:1ex:=4.30554pt
[166]

:tex2html_wrap_indisplay790:lthtmlCropMarkHeight:=13.5pt

:tex2html_wrap_indisplay790:lthtmlCropMarkDepth:=2.5pt:1ex:=4.30554pt
[167]

:tex2html_wrap_indisplay791:lthtmlCropMarkHeight:=13.5pt

:tex2html_wrap_indisplay791:lthtmlCropMarkDepth:=2.5pt:1ex:=4.30554pt
[168]

:tex2html_wrap_indisplay792:lthtmlCropMarkHeight:=13.5pt

:tex2html_wrap_indisplay792:lthtmlCropMarkDepth:=2.5pt:1ex:=4.30554pt
[169]

:tex2html_wrap_indisplay794:lthtmlCropMarkHeight:=13.5pt

:tex2html_wrap_indisplay794:lthtmlCropMarkDepth:=2.5pt:1ex:=4.30554pt
[170]

:tex2html_wrap_inline796:lthtmlCropMarkHeight:=12.83331pt

:tex2html_wrap_inline796:lthtmlCropMarkDepth:=0.83333pt:1ex:=4.30554pt
[171]

:tex2html_wrap_inline798:lthtmlCropMarkHeight:=13.5pt

:tex2html_wrap_inline798:lthtmlCropMarkDepth:=2.5pt:1ex:=4.30554pt
[172]

:tex2html_wrap_inline801:lthtmlCropMarkHeight:=10.30554pt

:tex2html_wrap_inline801:lthtmlCropMarkDepth:=1.49998pt:1ex:=4.30554pt
[173]

:tex2html_wrap_indisplay803:lthtmlCropMarkHeight:=13.1428pt

:tex2html_wrap_indisplay803:lthtmlCropMarkDepth:=1.94444pt:1ex:=4.30554pt
[174]

:tex2html_wrap_indisplay804:lthtmlCropMarkHeight:=13.5pt

:tex2html_wrap_indisplay804:lthtmlCropMarkDepth:=2.5pt:1ex:=4.30554pt
[175]

:tex2html_wrap_indisplay805:lthtmlCropMarkHeight:=13.1428pt

:tex2html_wrap_indisplay805:lthtmlCropMarkDepth:=0.0pt:1ex:=4.30554pt
[176]

:tex2html_wrap_indisplay807:lthtmlCropMarkHeight:=13.5pt

:tex2html_wrap_indisplay807:lthtmlCropMarkDepth:=2.5pt:1ex:=4.30554pt
[177]

:tex2html_wrap_indisplay809:lthtmlCropMarkHeight:=13.5pt

:tex2html_wrap_indisplay809:lthtmlCropMarkDepth:=2.5pt:1ex:=4.30554pt
[178]

:tex2html_wrap_indisplay810:lthtmlCropMarkHeight:=20.9051pt

:tex2html_wrap_indisplay810:lthtmlCropMarkDepth:=6.85951pt:1ex:=4.30554pt
[179]

:tex2html_wrap_indisplay812:lthtmlCropMarkHeight:=14.64003pt

:tex2html_wrap_indisplay812:lthtmlCropMarkDepth:=0.83333pt:1ex:=4.30554pt
[180]

:tex2html_wrap_indisplay813:lthtmlCropMarkHeight:=14.64003pt

:tex2html_wrap_indisplay813:lthtmlCropMarkDepth:=2.5pt:1ex:=4.30554pt
[181]

:tex2html_wrap_indisplay814:lthtmlCropMarkHeight:=10.30554pt

:tex2html_wrap_indisplay814:lthtmlCropMarkDepth:=0.0pt:1ex:=4.30554pt
[182]

:tex2html_wrap_indisplay815:lthtmlCropMarkHeight:=12.44444pt

:tex2html_wrap_indisplay815:lthtmlCropMarkDepth:=0.83333pt:1ex:=4.30554pt
[183]

:tex2html_wrap_indisplay816:lthtmlCropMarkHeight:=13.5pt

:tex2html_wrap_indisplay816:lthtmlCropMarkDepth:=2.5pt:1ex:=4.30554pt
[184]

:tex2html_wrap_indisplay817:lthtmlCropMarkHeight:=14.46227pt

:tex2html_wrap_indisplay817:lthtmlCropMarkDepth:=0.0pt:1ex:=4.30554pt
[185]

:tex2html_wrap_indisplay819:lthtmlCropMarkHeight:=14.46227pt

:tex2html_wrap_indisplay819:lthtmlCropMarkDepth:=0.0pt:1ex:=4.30554pt
[186]

:tex2html_wrap_indisplay821:lthtmlCropMarkHeight:=14.46227pt

:tex2html_wrap_indisplay821:lthtmlCropMarkDepth:=2.5pt:1ex:=4.30554pt
[187]

:tex2html_wrap_indisplay824:lthtmlCropMarkHeight:=19.70952pt

:tex2html_wrap_indisplay824:lthtmlCropMarkDepth:=6.85951pt:1ex:=4.30554pt
[188]

:tex2html_wrap_indisplay825:lthtmlCropMarkHeight:=14.46227pt

:tex2html_wrap_indisplay825:lthtmlCropMarkDepth:=2.5pt:1ex:=4.30554pt
[189]

:tex2html_wrap_indisplay826:lthtmlCropMarkHeight:=20.9051pt

:tex2html_wrap_indisplay826:lthtmlCropMarkDepth:=6.85951pt:1ex:=4.30554pt
[190]

:tex2html_wrap_indisplay827:lthtmlCropMarkHeight:=14.46227pt

:tex2html_wrap_indisplay827:lthtmlCropMarkDepth:=2.5pt:1ex:=4.30554pt
[191]

:tex2html_wrap_indisplay830:lthtmlCropMarkHeight:=14.46227pt

:tex2html_wrap_indisplay830:lthtmlCropMarkDepth:=2.5pt:1ex:=4.30554pt
[192] (./images.aux) ) 
Here is how much of TeX's memory you used:
 2848 strings out of 492167
 34259 string characters out of 6131559
 102211 words of memory out of 5000000
 7223 multiletter control sequences out of 15000+600000
 5339 words of font info for 22 fonts, out of 8000000 for 9000
 1141 hyphenation exceptions out of 8191
 30i,8n,37p,224b,121s stack positions out of 5000i,500n,10000p,200000b,80000s
</usr/share/texmf-dist/fonts/type1/public/amsfonts/cm/cme
x10.pfb></usr/share/texmf-dist/fonts/type1/public/amsfonts/cmextra/cmex7.pfb></
usr/share/texmf-dist/fonts/type1/public/amsfonts/cm/cmmi10.pfb></usr/share/texm
f-dist/fonts/type1/public/amsfonts/cm/cmmi7.pfb></usr/share/texmf-dist/fonts/ty
pe1/public/amsfonts/cm/cmr10.pfb></usr/share/texmf-dist/fonts/type1/public/amsf
onts/cm/cmr5.pfb></usr/share/texmf-dist/fonts/type1/public/amsfonts/cm/cmr7.pfb
></usr/share/texmf-dist/fonts/type1/public/amsfonts/cm/cmsy10.pfb></usr/share/t
exmf-dist/fonts/type1/public/amsfonts/cm/cmsy7.pfb>
Output written on images.pdf (192 pages, 136372 bytes).
PDF statistics:
 659 PDF objects out of 1000 (max. 8388607)
 451 compressed objects within 5 object streams
 0 named destinations out of 1000 (max. 500000)
 1 words of extra memory for PDF output out of 10000 (max. 10000000)

